<?xml version="1.0" encoding="UTF-8"?>
<coverage generated="1491746633">
  <project timestamp="1491746633">
    <package name="coossions">
      <file name="/srv/coossions/src/CoossionsHandler.php">
        <class name="CoossionsHandler" namespace="coossions">
          <metrics complexity="3" methods="2" coveredmethods="0" conditionals="0" coveredconditionals="0" statements="9" coveredstatements="0" elements="11" coveredelements="0"/>
        </class>
        <line num="13" type="method" name="__construct" visibility="public" complexity="1" crap="2" count="0"/>
        <line num="14" type="stmt" count="0"/>
        <line num="15" type="stmt" count="0"/>
        <line num="16" type="stmt" count="0"/>
        <line num="23" type="method" name="startSession" visibility="public" complexity="2" crap="6" count="0"/>
        <line num="24" type="stmt" count="0"/>
        <line num="25" type="stmt" count="0"/>
        <line num="26" type="stmt" count="0"/>
        <line num="27" type="stmt" count="0"/>
        <line num="28" type="stmt" count="0"/>
        <line num="29" type="stmt" count="0"/>
        <metrics loc="29" ncloc="20" classes="1" methods="2" coveredmethods="0" conditionals="0" coveredconditionals="0" statements="9" coveredstatements="0" elements="11" coveredelements="0"/>
      </file>
    </package>
    <file name="/srv/coossions/src/base/BaseInterface.php">
      <metrics loc="16" ncloc="12" classes="0" methods="0" coveredmethods="0" conditionals="0" coveredconditionals="0" statements="0" coveredstatements="0" elements="0" coveredelements="0"/>
    </file>
    <package name="coossions\base">
      <file name="/srv/coossions/src/base/Coossions.php">
        <class name="Coossions" namespace="coossions\base">
          <metrics complexity="15" methods="8" coveredmethods="0" conditionals="0" coveredconditionals="0" statements="75" coveredstatements="0" elements="83" coveredelements="0"/>
        </class>
        <line num="21" type="method" name="__construct" visibility="public" complexity="1" crap="2" count="0"/>
        <line num="22" type="stmt" count="0"/>
        <line num="23" type="stmt" count="0"/>
        <line num="24" type="stmt" count="0"/>
        <line num="25" type="stmt" count="0"/>
        <line num="26" type="stmt" count="0"/>
        <line num="27" type="stmt" count="0"/>
        <line num="28" type="stmt" count="0"/>
        <line num="36" type="method" name="setEncryption" visibility="public" complexity="3" crap="12" count="0"/>
        <line num="37" type="stmt" count="0"/>
        <line num="38" type="stmt" count="0"/>
        <line num="39" type="stmt" count="0"/>
        <line num="40" type="stmt" count="0"/>
        <line num="42" type="stmt" count="0"/>
        <line num="43" type="stmt" count="0"/>
        <line num="44" type="stmt" count="0"/>
        <line num="45" type="stmt" count="0"/>
        <line num="46" type="stmt" count="0"/>
        <line num="47" type="stmt" count="0"/>
        <line num="48" type="stmt" count="0"/>
        <line num="49" type="stmt" count="0"/>
        <line num="50" type="stmt" count="0"/>
        <line num="51" type="stmt" count="0"/>
        <line num="53" type="stmt" count="0"/>
        <line num="54" type="stmt" count="0"/>
        <line num="66" type="method" name="close" visibility="public" complexity="1" crap="2" count="0"/>
        <line num="67" type="stmt" count="0"/>
        <line num="68" type="stmt" count="0"/>
        <line num="69" type="stmt" count="0"/>
        <line num="84" type="method" name="destroy" visibility="public" complexity="1" crap="2" count="0"/>
        <line num="85" type="stmt" count="0"/>
        <line num="86" type="stmt" count="0"/>
        <line num="87" type="stmt" count="0"/>
        <line num="89" type="stmt" count="0"/>
        <line num="90" type="stmt" count="0"/>
        <line num="108" type="method" name="gc" visibility="public" complexity="1" crap="2" count="0"/>
        <line num="109" type="stmt" count="0"/>
        <line num="110" type="stmt" count="0"/>
        <line num="111" type="stmt" count="0"/>
        <line num="127" type="method" name="open" visibility="public" complexity="1" crap="2" count="0"/>
        <line num="128" type="stmt" count="0"/>
        <line num="129" type="stmt" count="0"/>
        <line num="130" type="stmt" count="0"/>
        <line num="131" type="stmt" count="0"/>
        <line num="132" type="stmt" count="0"/>
        <line num="133" type="stmt" count="0"/>
        <line num="135" type="stmt" count="0"/>
        <line num="136" type="stmt" count="0"/>
        <line num="152" type="method" name="read" visibility="public" complexity="3" crap="12" count="0"/>
        <line num="153" type="stmt" count="0"/>
        <line num="154" type="stmt" count="0"/>
        <line num="155" type="stmt" count="0"/>
        <line num="156" type="stmt" count="0"/>
        <line num="157" type="stmt" count="0"/>
        <line num="158" type="stmt" count="0"/>
        <line num="159" type="stmt" count="0"/>
        <line num="161" type="stmt" count="0"/>
        <line num="162" type="stmt" count="0"/>
        <line num="186" type="method" name="write" visibility="public" complexity="4" crap="20" count="0"/>
        <line num="187" type="stmt" count="0"/>
        <line num="188" type="stmt" count="0"/>
        <line num="189" type="stmt" count="0"/>
        <line num="190" type="stmt" count="0"/>
        <line num="191" type="stmt" count="0"/>
        <line num="193" type="stmt" count="0"/>
        <line num="194" type="stmt" count="0"/>
        <line num="195" type="stmt" count="0"/>
        <line num="196" type="stmt" count="0"/>
        <line num="197" type="stmt" count="0"/>
        <line num="198" type="stmt" count="0"/>
        <line num="199" type="stmt" count="0"/>
        <line num="200" type="stmt" count="0"/>
        <line num="202" type="stmt" count="0"/>
        <line num="203" type="stmt" count="0"/>
        <line num="204" type="stmt" count="0"/>
        <line num="205" type="stmt" count="0"/>
        <line num="206" type="stmt" count="0"/>
        <line num="207" type="stmt" count="0"/>
        <line num="208" type="stmt" count="0"/>
        <line num="209" type="stmt" count="0"/>
        <line num="210" type="stmt" count="0"/>
        <line num="212" type="stmt" count="0"/>
        <line num="213" type="stmt" count="0"/>
        <metrics loc="213" ncloc="106" classes="1" methods="8" coveredmethods="0" conditionals="0" coveredconditionals="0" statements="75" coveredstatements="0" elements="83" coveredelements="0"/>
      </file>
    </package>
    <file name="/srv/coossions/src/base/CoossionsContractInterface.php">
      <metrics loc="12" ncloc="7" classes="0" methods="0" coveredmethods="0" conditionals="0" coveredconditionals="0" statements="0" coveredstatements="0" elements="0" coveredelements="0"/>
    </file>
    <package name="coossions\crypt">
      <file name="/srv/coossions/src/crypt/Encryptor.php">
        <class name="Encryptor" namespace="coossions\crypt">
          <metrics complexity="18" methods="12" coveredmethods="10" conditionals="0" coveredconditionals="0" statements="43" coveredstatements="36" elements="55" coveredelements="46"/>
        </class>
        <line num="21" type="method" name="__construct" visibility="public" complexity="1" crap="1" count="5"/>
        <line num="23" type="stmt" count="5"/>
        <line num="24" type="stmt" count="5"/>
        <line num="33" type="method" name="hashesEqual" visibility="private" complexity="1" crap="1" count="1"/>
        <line num="35" type="stmt" count="1"/>
        <line num="36" type="stmt" count="1"/>
        <line num="51" type="method" name="encryptString" visibility="public" complexity="2" crap="2.01" count="1"/>
        <line num="54" type="stmt" count="1"/>
        <line num="56" type="stmt" count="1"/>
        <line num="57" type="stmt" count="1"/>
        <line num="58" type="stmt" count="1"/>
        <line num="59" type="stmt" count="0"/>
        <line num="62" type="stmt" count="1"/>
        <line num="63" type="stmt" count="1"/>
        <line num="65" type="stmt" count="1"/>
        <line num="79" type="method" name="decryptString" visibility="public" complexity="6" crap="7.13" count="1"/>
        <line num="81" type="stmt" count="1"/>
        <line num="83" type="stmt" count="1"/>
        <line num="84" type="stmt" count="0"/>
        <line num="85" type="stmt" count="0"/>
        <line num="89" type="stmt" count="1"/>
        <line num="90" type="stmt" count="1"/>
        <line num="91" type="stmt" count="0"/>
        <line num="93" type="stmt" count="1"/>
        <line num="94" type="stmt" count="1"/>
        <line num="95" type="stmt" count="0"/>
        <line num="98" type="stmt" count="1"/>
        <line num="99" type="stmt" count="0"/>
        <line num="103" type="stmt" count="1"/>
        <line num="104" type="stmt" count="1"/>
        <line num="106" type="stmt" count="1"/>
        <line num="107" type="stmt" count="1"/>
        <line num="108" type="stmt" count="1"/>
        <line num="109" type="stmt" count="0"/>
        <line num="112" type="stmt" count="1"/>
        <line num="118" type="method" name="setExpire" visibility="public" complexity="1" crap="1" count="1"/>
        <line num="120" type="stmt" count="1"/>
        <line num="121" type="stmt" count="1"/>
        <line num="126" type="method" name="getExpire" visibility="public" complexity="1" crap="1" count="1"/>
        <line num="128" type="stmt" count="1"/>
        <line num="134" type="method" name="setDigestAlgo" visibility="public" complexity="1" crap="1" count="1"/>
        <line num="136" type="stmt" count="1"/>
        <line num="137" type="stmt" count="1"/>
        <line num="142" type="method" name="getDigestAlgo" visibility="public" complexity="1" crap="1" count="1"/>
        <line num="144" type="stmt" count="1"/>
        <line num="150" type="method" name="setCipherAlgo" visibility="public" complexity="1" crap="1" count="1"/>
        <line num="152" type="stmt" count="1"/>
        <line num="153" type="stmt" count="1"/>
        <line num="158" type="method" name="getCipherAlgo" visibility="public" complexity="1" crap="1" count="1"/>
        <line num="160" type="stmt" count="1"/>
        <line num="166" type="method" name="setCipherIvLen" visibility="public" complexity="1" crap="1" count="1"/>
        <line num="168" type="stmt" count="1"/>
        <line num="169" type="stmt" count="1"/>
        <line num="174" type="method" name="getCipherIvLen" visibility="public" complexity="1" crap="1" count="1"/>
        <line num="176" type="stmt" count="1"/>
        <metrics loc="178" ncloc="105" classes="1" methods="12" coveredmethods="10" conditionals="0" coveredconditionals="0" statements="43" coveredstatements="36" elements="55" coveredelements="46"/>
      </file>
    </package>
    <file name="/srv/coossions/src/crypt/EncryptorInterface.php">
      <metrics loc="34" ncloc="13" classes="0" methods="0" coveredmethods="0" conditionals="0" coveredconditionals="0" statements="0" coveredstatements="0" elements="0" coveredelements="0"/>
    </file>
    <package name="coossions\exceptions">
      <file name="/srv/coossions/src/exceptions/AlgoNotFoundException.php">
        <class name="AlgoNotFoundException" namespace="coossions\exceptions">
          <metrics complexity="1" methods="1" coveredmethods="0" conditionals="0" coveredconditionals="0" statements="3" coveredstatements="0" elements="4" coveredelements="0"/>
        </class>
        <line num="7" type="method" name="__construct" visibility="public" complexity="1" crap="2" count="0"/>
        <line num="8" type="stmt" count="0"/>
        <line num="9" type="stmt" count="0"/>
        <line num="10" type="stmt" count="0"/>
        <metrics loc="10" ncloc="10" classes="1" methods="1" coveredmethods="0" conditionals="0" coveredconditionals="0" statements="3" coveredstatements="0" elements="4" coveredelements="0"/>
      </file>
      <file name="/srv/coossions/src/exceptions/CookieSizeException.php">
        <class name="CookieSizeException" namespace="coossions\exceptions">
          <metrics complexity="1" methods="1" coveredmethods="0" conditionals="0" coveredconditionals="0" statements="3" coveredstatements="0" elements="4" coveredelements="0"/>
        </class>
        <line num="7" type="method" name="__construct" visibility="public" complexity="1" crap="2" count="0"/>
        <line num="8" type="stmt" count="0"/>
        <line num="9" type="stmt" count="0"/>
        <line num="10" type="stmt" count="0"/>
        <metrics loc="10" ncloc="10" classes="1" methods="1" coveredmethods="0" conditionals="0" coveredconditionals="0" statements="3" coveredstatements="0" elements="4" coveredelements="0"/>
      </file>
      <file name="/srv/coossions/src/exceptions/OpenSSLException.php">
        <class name="OpenSSLException" namespace="coossions\exceptions">
          <metrics complexity="1" methods="1" coveredmethods="0" conditionals="0" coveredconditionals="0" statements="3" coveredstatements="0" elements="4" coveredelements="0"/>
        </class>
        <line num="7" type="method" name="__construct" visibility="public" complexity="1" crap="2" count="0"/>
        <line num="8" type="stmt" count="0"/>
        <line num="9" type="stmt" count="0"/>
        <line num="10" type="stmt" count="0"/>
        <metrics loc="10" ncloc="10" classes="1" methods="1" coveredmethods="0" conditionals="0" coveredconditionals="0" statements="3" coveredstatements="0" elements="4" coveredelements="0"/>
      </file>
    </package>
    <metrics files="9" loc="512" ncloc="293" classes="6" methods="25" coveredmethods="10" conditionals="0" coveredconditionals="0" statements="136" coveredstatements="36" elements="161" coveredelements="46"/>
  </project>
</coverage>
